Route not found
    /nikita
    2023-06-10T08:42:16.159Z
Route not found
    /matlen
    2023-06-10T08:42:25.825Z
Route not found
    /sdasdaadad
    2023-06-10T08:42:30.132Z
Route not found
    /sdasdaadad
    2023-06-10T08:46:32.456Z
Route not found
    /sdasdaadaddfssdf
    2023-06-10T08:46:40.732Z
Route not found
    /jui
    2023-06-12T15:08:33.041Z
Route not found
    /favicon.ico
    2023-06-18T15:18:15.785Z
Route not found
    /
    2023-07-03T16:40:03.536Z
Route not found
    /favicon.ico
    2023-07-03T16:40:03.671Z
Route not found
    /
    2023-07-03T17:20:15.744Z
Route not found
    /favicon.ico
    2023-07-07T20:40:01.204Z
